<?xml version="1.0" encoding="utf-8"?><testsuites name="pytest tests"><testsuite name="pytest" errors="0" failures="0" skipped="0" tests="38" time="38.051" timestamp="2026-05-11T00:31:23.446738+00:00" hostname="agent-env-3c675116-395d-4a4e-9216-830be5d57153"><testcase classname="backend.tests.test_qalam_api" name="test_root_ok" time="0.219" /><testcase classname="backend.tests.test_qalam_api.TestAuth" name="test_register_duplicate" time="0.333" /><testcase classname="backend.tests.test_qalam_api.TestAuth" name="test_login_wrong_password" time="0.274" /><testcase classname="backend.tests.test_qalam_api.TestAuth" name="test_login_success" time="0.272" /><testcase classname="backend.tests.test_qalam_api.TestAuth" name="test_me_with_token" time="0.046" /><testcase classname="backend.tests.test_qalam_api.TestAuth" name="test_me_without_token" time="0.045" /><testcase classname="backend.tests.test_qalam_api.TestAuth" name="test_logout_ok" time="0.048" /><testcase classname="backend.tests.test_qalam_api.TestAuthGate" name="test_endpoints_require_auth[/documents-GET]" time="0.048" /><testcase classname="backend.tests.test_qalam_api.TestAuthGate" name="test_endpoints_require_auth[/quizzes-GET]" time="0.046" /><testcase classname="backend.tests.test_qalam_api.TestAuthGate" name="test_endpoints_require_auth[/classes-GET]" time="0.047" /><testcase classname="backend.tests.test_qalam_api.TestAuthGate" name="test_endpoints_require_auth[/reports/overview-GET]" time="0.048" /><testcase classname="backend.tests.test_qalam_api.TestAuthGate" name="test_endpoints_require_auth[/generations-GET]" time="0.050" /><testcase classname="backend.tests.test_qalam_api.TestDocuments" name="test_upload_txt" time="0.317" /><testcase classname="backend.tests.test_qalam_api.TestDocuments" name="test_list_documents" time="0.052" /><testcase classname="backend.tests.test_qalam_api.TestDocuments" name="test_get_document" time="0.046" /><testcase classname="backend.tests.test_qalam_api.TestDocuments" name="test_document_privacy" time="0.390" /><testcase classname="backend.tests.test_qalam_api.TestDocuments" name="test_delete_document" time="0.100" /><testcase classname="backend.tests.test_qalam_api.TestAIGeneration" name="test_generate_questions" time="5.833" /><testcase classname="backend.tests.test_qalam_api.TestAIGeneration" name="test_generate_quiz" time="4.947" /><testcase classname="backend.tests.test_qalam_api.TestAIGeneration" name="test_generate_lesson_plan" time="13.003" /><testcase classname="backend.tests.test_qalam_api.TestAIGeneration" name="test_generate_worksheet" time="4.739" /><testcase classname="backend.tests.test_qalam_api.TestQuizzes" name="test_list_quizzes" time="0.065" /><testcase classname="backend.tests.test_qalam_api.TestQuizzes" name="test_get_quiz" time="0.058" /><testcase classname="backend.tests.test_qalam_api.TestClasses" name="test_create_class" time="0.061" /><testcase classname="backend.tests.test_qalam_api.TestClasses" name="test_list_classes" time="0.064" /><testcase classname="backend.tests.test_qalam_api.TestClasses" name="test_add_student" time="0.066" /><testcase classname="backend.tests.test_qalam_api.TestClasses" name="test_remove_student" time="0.074" /><testcase classname="backend.tests.test_qalam_api.TestClasses" name="test_delete_class" time="0.060" /><testcase classname="backend.tests.test_qalam_api.TestGrading" name="test_grade_essay" time="4.186" /><testcase classname="backend.tests.test_qalam_api.TestLive" name="test_create_session" time="0.074" /><testcase classname="backend.tests.test_qalam_api.TestLive" name="test_public_session_view" time="0.059" /><testcase classname="backend.tests.test_qalam_api.TestLive" name="test_join_session" time="0.055" /><testcase classname="backend.tests.test_qalam_api.TestLive" name="test_start_session" time="0.053" /><testcase classname="backend.tests.test_qalam_api.TestLive" name="test_teacher_view_leaderboard" time="0.071" /><testcase classname="backend.tests.test_qalam_api.TestLive" name="test_submit_answer" time="0.158" /><testcase classname="backend.tests.test_qalam_api.TestAssistant" name="test_assistant_chat" time="1.765" /><testcase classname="backend.tests.test_qalam_api.TestReports" name="test_overview" time="0.058" /><testcase classname="backend.tests.test_qalam_api.TestZCleanup" name="test_delete_quiz" time="0.140" /></testsuite></testsuites>